<?xml version="1.0" encoding="UTF-8" ?>
<testsuites>
  <testsuite errors="0" failures="0" hostname="bmanning10m2.local" id="0" name="ContactControllerTests" package="kennelpal" tests="8" time="4.007" timestamp="2013-04-23T17:40:32">
      <properties />

      <testcase classname="kennelpal.ContactControllerTests" name="testIndex" time="2.369" />

      <testcase classname="kennelpal.ContactControllerTests" name="testList" time="0.66" />

      <testcase classname="kennelpal.ContactControllerTests" name="testCreate" time="0.101" />

      <testcase classname="kennelpal.ContactControllerTests" name="testSave" time="0.297" />

      <testcase classname="kennelpal.ContactControllerTests" name="testShow" time="0.128" />

      <testcase classname="kennelpal.ContactControllerTests" name="testEdit" time="0.081" />

      <testcase classname="kennelpal.ContactControllerTests" name="testUpdate" time="0.139" />

      <testcase classname="kennelpal.ContactControllerTests" name="testDelete" time="0.092" />

      <system-out><![CDATA[--Output from testIndex--
--Output from testList--
--Output from testCreate--
--Output from testSave--
--Output from testShow--
--Output from testEdit--
--Output from testUpdate--
--Output from testDelete--
]]></system-out>

      <system-err><![CDATA[--Output from testIndex--
--Output from testList--
--Output from testCreate--
--Output from testSave--
--Output from testShow--
--Output from testEdit--
--Output from testUpdate--
--Output from testDelete--
]]></system-err>

  </testsuite>
  <testsuite errors="0" failures="0" hostname="bmanning10m2.local" id="1" name="ContactTests" package="kennelpal" tests="1" time="0.433" timestamp="2013-04-23T17:40:36">
      <properties />

      <testcase classname="kennelpal.ContactTests" name="testToString" time="0.228" />

      <system-out><![CDATA[--Output from testToString--
]]></system-out>

      <system-err><![CDATA[--Output from testToString--
]]></system-err>

  </testsuite>
  <testsuite errors="0" failures="0" hostname="bmanning10m2.local" id="2" name="OwnerControllerTests" package="kennelpal" tests="8" time="1.856" timestamp="2013-04-23T17:40:36">
      <properties />

      <testcase classname="kennelpal.OwnerControllerTests" name="testIndex" time="0.925" />

      <testcase classname="kennelpal.OwnerControllerTests" name="testList" time="0.081" />

      <testcase classname="kennelpal.OwnerControllerTests" name="testCreate" time="0.09" />

      <testcase classname="kennelpal.OwnerControllerTests" name="testSave" time="0.234" />

      <testcase classname="kennelpal.OwnerControllerTests" name="testShow" time="0.089" />

      <testcase classname="kennelpal.OwnerControllerTests" name="testEdit" time="0.071" />

      <testcase classname="kennelpal.OwnerControllerTests" name="testUpdate" time="0.11" />

      <testcase classname="kennelpal.OwnerControllerTests" name="testDelete" time="0.097" />

      <system-out><![CDATA[--Output from testIndex--
--Output from testList--
--Output from testCreate--
--Output from testSave--
--Output from testShow--
--Output from testEdit--
--Output from testUpdate--
--Output from testDelete--
]]></system-out>

      <system-err><![CDATA[--Output from testIndex--
--Output from testList--
--Output from testCreate--
--Output from testSave--
--Output from testShow--
--Output from testEdit--
--Output from testUpdate--
--Output from testDelete--
]]></system-err>

  </testsuite>
  <testsuite errors="0" failures="0" hostname="bmanning10m2.local" id="3" name="OwnerTests" package="kennelpal" tests="1" time="0.272" timestamp="2013-04-23T17:40:38">
      <properties />

      <testcase classname="kennelpal.OwnerTests" name="testToString" time="0.159" />

      <system-out><![CDATA[--Output from testToString--
]]></system-out>

      <system-err><![CDATA[--Output from testToString--
]]></system-err>

  </testsuite>
  <testsuite errors="0" failures="0" hostname="bmanning10m2.local" id="4" name="PaymentControllerTests" package="kennelpal" tests="8" time="1.49" timestamp="2013-04-23T17:40:39">
      <properties />

      <testcase classname="kennelpal.PaymentControllerTests" name="testIndex" time="0.534" />

      <testcase classname="kennelpal.PaymentControllerTests" name="testList" time="0.083" />

      <testcase classname="kennelpal.PaymentControllerTests" name="testCreate" time="0.081" />

      <testcase classname="kennelpal.PaymentControllerTests" name="testSave" time="0.166" />

      <testcase classname="kennelpal.PaymentControllerTests" name="testShow" time="0.073" />

      <testcase classname="kennelpal.PaymentControllerTests" name="testEdit" time="0.166" />

      <testcase classname="kennelpal.PaymentControllerTests" name="testUpdate" time="0.092" />

      <testcase classname="kennelpal.PaymentControllerTests" name="testDelete" time="0.128" />

      <system-out><![CDATA[--Output from testIndex--
--Output from testList--
--Output from testCreate--
--Output from testSave--
--Output from testShow--
--Output from testEdit--
--Output from testUpdate--
--Output from testDelete--
]]></system-out>

      <system-err><![CDATA[--Output from testIndex--
--Output from testList--
--Output from testCreate--
--Output from testSave--
--Output from testShow--
--Output from testEdit--
--Output from testUpdate--
--Output from testDelete--
]]></system-err>

  </testsuite>
  <testsuite errors="0" failures="0" hostname="bmanning10m2.local" id="5" name="PaymentTests" package="kennelpal" tests="1" time="0.222" timestamp="2013-04-23T17:40:40">
      <properties />

      <testcase classname="kennelpal.PaymentTests" name="testToString" time="0.125" />

      <system-out><![CDATA[--Output from testToString--
]]></system-out>

      <system-err><![CDATA[--Output from testToString--
]]></system-err>

  </testsuite>
  <testsuite errors="0" failures="0" hostname="bmanning10m2.local" id="6" name="PetControllerTests" package="kennelpal" tests="8" time="0.984" timestamp="2013-04-23T17:40:40">
      <properties />

      <testcase classname="kennelpal.PetControllerTests" name="testIndex" time="0.324" />

      <testcase classname="kennelpal.PetControllerTests" name="testList" time="0.065" />

      <testcase classname="kennelpal.PetControllerTests" name="testCreate" time="0.063" />

      <testcase classname="kennelpal.PetControllerTests" name="testSave" time="0.086" />

      <testcase classname="kennelpal.PetControllerTests" name="testShow" time="0.061" />

      <testcase classname="kennelpal.PetControllerTests" name="testEdit" time="0.085" />

      <testcase classname="kennelpal.PetControllerTests" name="testUpdate" time="0.1" />

      <testcase classname="kennelpal.PetControllerTests" name="testDelete" time="0.106" />

      <system-out><![CDATA[--Output from testIndex--
--Output from testList--
--Output from testCreate--
--Output from testSave--
--Output from testShow--
--Output from testEdit--
--Output from testUpdate--
--Output from testDelete--
]]></system-out>

      <system-err><![CDATA[--Output from testIndex--
--Output from testList--
--Output from testCreate--
--Output from testSave--
--Output from testShow--
--Output from testEdit--
--Output from testUpdate--
--Output from testDelete--
]]></system-err>

  </testsuite>
  <testsuite errors="0" failures="0" hostname="bmanning10m2.local" id="7" name="PetTests" package="kennelpal" tests="1" time="0.273" timestamp="2013-04-23T17:40:41">
      <properties />

      <testcase classname="kennelpal.PetTests" name="testToString" time="0.133" />

      <system-out><![CDATA[--Output from testToString--
]]></system-out>

      <system-err><![CDATA[--Output from testToString--
]]></system-err>

  </testsuite>
  <testsuite errors="0" failures="0" hostname="bmanning10m2.local" id="8" name="RateControllerTests" package="kennelpal" tests="8" time="0.868" timestamp="2013-04-23T17:40:42">
      <properties />

      <testcase classname="kennelpal.RateControllerTests" name="testIndex" time="0.357" />

      <testcase classname="kennelpal.RateControllerTests" name="testList" time="0.049" />

      <testcase classname="kennelpal.RateControllerTests" name="testCreate" time="0.058" />

      <testcase classname="kennelpal.RateControllerTests" name="testSave" time="0.09" />

      <testcase classname="kennelpal.RateControllerTests" name="testShow" time="0.063" />

      <testcase classname="kennelpal.RateControllerTests" name="testEdit" time="0.048" />

      <testcase classname="kennelpal.RateControllerTests" name="testUpdate" time="0.054" />

      <testcase classname="kennelpal.RateControllerTests" name="testDelete" time="0.067" />

      <system-out><![CDATA[--Output from testIndex--
--Output from testList--
--Output from testCreate--
--Output from testSave--
--Output from testShow--
--Output from testEdit--
--Output from testUpdate--
--Output from testDelete--
]]></system-out>

      <system-err><![CDATA[--Output from testIndex--
--Output from testList--
--Output from testCreate--
--Output from testSave--
--Output from testShow--
--Output from testEdit--
--Output from testUpdate--
--Output from testDelete--
]]></system-err>

  </testsuite>
  <testsuite errors="0" failures="0" hostname="bmanning10m2.local" id="9" name="RateTests" package="kennelpal" tests="1" time="0.448" timestamp="2013-04-23T17:40:43">
      <properties />

      <testcase classname="kennelpal.RateTests" name="testToString" time="0.232" />

      <system-out><![CDATA[--Output from testToString--
]]></system-out>

      <system-err><![CDATA[--Output from testToString--
]]></system-err>

  </testsuite>
  <testsuite errors="0" failures="0" hostname="bmanning10m2.local" id="10" name="ReservationControllerTests" package="kennelpal" tests="8" time="0.787" timestamp="2013-04-23T17:40:43">
      <properties />

      <testcase classname="kennelpal.ReservationControllerTests" name="testIndex" time="0.315" />

      <testcase classname="kennelpal.ReservationControllerTests" name="testList" time="0.045" />

      <testcase classname="kennelpal.ReservationControllerTests" name="testCreate" time="0.04" />

      <testcase classname="kennelpal.ReservationControllerTests" name="testSave" time="0.071" />

      <testcase classname="kennelpal.ReservationControllerTests" name="testShow" time="0.052" />

      <testcase classname="kennelpal.ReservationControllerTests" name="testEdit" time="0.056" />

      <testcase classname="kennelpal.ReservationControllerTests" name="testUpdate" time="0.073" />

      <testcase classname="kennelpal.ReservationControllerTests" name="testDelete" time="0.054" />

      <system-out><![CDATA[--Output from testIndex--
--Output from testList--
--Output from testCreate--
--Output from testSave--
--Output from testShow--
--Output from testEdit--
--Output from testUpdate--
--Output from testDelete--
]]></system-out>

      <system-err><![CDATA[--Output from testIndex--
--Output from testList--
--Output from testCreate--
--Output from testSave--
--Output from testShow--
--Output from testEdit--
--Output from testUpdate--
--Output from testDelete--
]]></system-err>

  </testsuite>
  <testsuite errors="0" failures="0" hostname="bmanning10m2.local" id="11" name="ReservationTests" package="kennelpal" tests="1" time="0.289" timestamp="2013-04-23T17:40:44">
      <properties />

      <testcase classname="kennelpal.ReservationTests" name="testToString" time="0.151" />

      <system-out><![CDATA[--Output from testToString--
]]></system-out>

      <system-err><![CDATA[--Output from testToString--
]]></system-err>

  </testsuite>
  <testsuite errors="0" failures="0" hostname="bmanning10m2.local" id="12" name="UserControllerTests" package="kennelpal" tests="8" time="0.827" timestamp="2013-04-23T17:40:44">
      <properties />

      <testcase classname="kennelpal.UserControllerTests" name="testIndex" time="0.31" />

      <testcase classname="kennelpal.UserControllerTests" name="testList" time="0.042" />

      <testcase classname="kennelpal.UserControllerTests" name="testCreate" time="0.047" />

      <testcase classname="kennelpal.UserControllerTests" name="testSave" time="0.087" />

      <testcase classname="kennelpal.UserControllerTests" name="testShow" time="0.07" />

      <testcase classname="kennelpal.UserControllerTests" name="testEdit" time="0.078" />

      <testcase classname="kennelpal.UserControllerTests" name="testUpdate" time="0.063" />

      <testcase classname="kennelpal.UserControllerTests" name="testDelete" time="0.052" />

      <system-out><![CDATA[--Output from testIndex--
--Output from testList--
--Output from testCreate--
--Output from testSave--
--Output from testShow--
--Output from testEdit--
--Output from testUpdate--
--Output from testDelete--
]]></system-out>

      <system-err><![CDATA[--Output from testIndex--
--Output from testList--
--Output from testCreate--
--Output from testSave--
--Output from testShow--
--Output from testEdit--
--Output from testUpdate--
--Output from testDelete--
]]></system-err>

  </testsuite>
  <testsuite errors="0" failures="0" hostname="bmanning10m2.local" id="13" name="UserTests" package="kennelpal" tests="1" time="0.114" timestamp="2013-04-23T17:40:45">
      <properties />

      <testcase classname="kennelpal.UserTests" name="testToString" time="0.056" />

      <system-out><![CDATA[--Output from testToString--
]]></system-out>

      <system-err><![CDATA[--Output from testToString--
]]></system-err>

  </testsuite>
  <testsuite errors="0" failures="0" hostname="bmanning10m2.local" id="14" name="VaccinationTests" package="kennelpal" tests="1" time="0.286" timestamp="2013-04-23T17:40:45">
      <properties />

      <testcase classname="kennelpal.VaccinationTests" name="testSomething" time="0.221" />

      <system-out><![CDATA[--Output from testSomething--
]]></system-out>

      <system-err><![CDATA[--Output from testSomething--
]]></system-err>

  </testsuite>
  <testsuite errors="0" failures="0" hostname="bmanning10m2.local" id="15" name="VaccinationTypesTests" package="kennelpal" tests="1" time="0.15" timestamp="2013-04-23T17:40:46">
      <properties />

      <testcase classname="kennelpal.VaccinationTypesTests" name="testSomething" time="0.148" />

      <system-out><![CDATA[--Output from testSomething--
]]></system-out>

      <system-err><![CDATA[--Output from testSomething--
]]></system-err>

  </testsuite>
</testsuites>
