<?xml version="1.0" encoding="UTF-8" ?>
<testsuites>
  <testsuite errors="0" failures="0" hostname="bmanning10m2.local" id="0" name="ContactControllerTests" package="kennelpal" tests="8" time="3.864" timestamp="2013-04-23T17:52:50">
      <properties />

      <testcase classname="kennelpal.ContactControllerTests" name="testIndex" time="2.39" />

      <testcase classname="kennelpal.ContactControllerTests" name="testList" time="0.58" />

      <testcase classname="kennelpal.ContactControllerTests" name="testCreate" time="0.104" />

      <testcase classname="kennelpal.ContactControllerTests" name="testSave" time="0.293" />

      <testcase classname="kennelpal.ContactControllerTests" name="testShow" time="0.113" />

      <testcase classname="kennelpal.ContactControllerTests" name="testEdit" time="0.084" />

      <testcase classname="kennelpal.ContactControllerTests" name="testUpdate" time="0.11" />

      <testcase classname="kennelpal.ContactControllerTests" name="testDelete" time="0.079" />

      <system-out><![CDATA[--Output from testIndex--
--Output from testList--
--Output from testCreate--
--Output from testSave--
--Output from testShow--
--Output from testEdit--
--Output from testUpdate--
--Output from testDelete--
]]></system-out>

      <system-err><![CDATA[--Output from testIndex--
--Output from testList--
--Output from testCreate--
--Output from testSave--
--Output from testShow--
--Output from testEdit--
--Output from testUpdate--
--Output from testDelete--
]]></system-err>

  </testsuite>
  <testsuite errors="0" failures="0" hostname="bmanning10m2.local" id="1" name="ContactTests" package="kennelpal" tests="1" time="0.345" timestamp="2013-04-23T17:52:54">
      <properties />

      <testcase classname="kennelpal.ContactTests" name="testToString" time="0.179" />

      <system-out><![CDATA[--Output from testToString--
]]></system-out>

      <system-err><![CDATA[--Output from testToString--
]]></system-err>

  </testsuite>
  <testsuite errors="0" failures="0" hostname="bmanning10m2.local" id="2" name="OwnerControllerTests" package="kennelpal" tests="8" time="1.785" timestamp="2013-04-23T17:52:54">
      <properties />

      <testcase classname="kennelpal.OwnerControllerTests" name="testIndex" time="1.041" />

      <testcase classname="kennelpal.OwnerControllerTests" name="testList" time="0.065" />

      <testcase classname="kennelpal.OwnerControllerTests" name="testCreate" time="0.074" />

      <testcase classname="kennelpal.OwnerControllerTests" name="testSave" time="0.177" />

      <testcase classname="kennelpal.OwnerControllerTests" name="testShow" time="0.07" />

      <testcase classname="kennelpal.OwnerControllerTests" name="testEdit" time="0.074" />

      <testcase classname="kennelpal.OwnerControllerTests" name="testUpdate" time="0.106" />

      <testcase classname="kennelpal.OwnerControllerTests" name="testDelete" time="0.092" />

      <system-out><![CDATA[--Output from testIndex--
--Output from testList--
--Output from testCreate--
--Output from testSave--
--Output from testShow--
--Output from testEdit--
--Output from testUpdate--
--Output from testDelete--
]]></system-out>

      <system-err><![CDATA[--Output from testIndex--
--Output from testList--
--Output from testCreate--
--Output from testSave--
--Output from testShow--
--Output from testEdit--
--Output from testUpdate--
--Output from testDelete--
]]></system-err>

  </testsuite>
  <testsuite errors="0" failures="0" hostname="bmanning10m2.local" id="3" name="OwnerTests" package="kennelpal" tests="1" time="0.218" timestamp="2013-04-23T17:52:56">
      <properties />

      <testcase classname="kennelpal.OwnerTests" name="testToString" time="0.124" />

      <system-out><![CDATA[--Output from testToString--
]]></system-out>

      <system-err><![CDATA[--Output from testToString--
]]></system-err>

  </testsuite>
  <testsuite errors="0" failures="0" hostname="bmanning10m2.local" id="4" name="PaymentControllerTests" package="kennelpal" tests="8" time="0.926" timestamp="2013-04-23T17:52:56">
      <properties />

      <testcase classname="kennelpal.PaymentControllerTests" name="testIndex" time="0.326" />

      <testcase classname="kennelpal.PaymentControllerTests" name="testList" time="0.051" />

      <testcase classname="kennelpal.PaymentControllerTests" name="testCreate" time="0.052" />

      <testcase classname="kennelpal.PaymentControllerTests" name="testSave" time="0.095" />

      <testcase classname="kennelpal.PaymentControllerTests" name="testShow" time="0.066" />

      <testcase classname="kennelpal.PaymentControllerTests" name="testEdit" time="0.057" />

      <testcase classname="kennelpal.PaymentControllerTests" name="testUpdate" time="0.082" />

      <testcase classname="kennelpal.PaymentControllerTests" name="testDelete" time="0.089" />

      <system-out><![CDATA[--Output from testIndex--
--Output from testList--
--Output from testCreate--
--Output from testSave--
--Output from testShow--
--Output from testEdit--
--Output from testUpdate--
--Output from testDelete--
]]></system-out>

      <system-err><![CDATA[--Output from testIndex--
--Output from testList--
--Output from testCreate--
--Output from testSave--
--Output from testShow--
--Output from testEdit--
--Output from testUpdate--
--Output from testDelete--
]]></system-err>

  </testsuite>
  <testsuite errors="0" failures="0" hostname="bmanning10m2.local" id="5" name="PaymentTests" package="kennelpal" tests="1" time="0.238" timestamp="2013-04-23T17:52:57">
      <properties />

      <testcase classname="kennelpal.PaymentTests" name="testToString" time="0.121" />

      <system-out><![CDATA[--Output from testToString--
]]></system-out>

      <system-err><![CDATA[--Output from testToString--
]]></system-err>

  </testsuite>
  <testsuite errors="0" failures="0" hostname="bmanning10m2.local" id="6" name="PetControllerTests" package="kennelpal" tests="8" time="0.842" timestamp="2013-04-23T17:52:58">
      <properties />

      <testcase classname="kennelpal.PetControllerTests" name="testIndex" time="0.309" />

      <testcase classname="kennelpal.PetControllerTests" name="testList" time="0.048" />

      <testcase classname="kennelpal.PetControllerTests" name="testCreate" time="0.046" />

      <testcase classname="kennelpal.PetControllerTests" name="testSave" time="0.067" />

      <testcase classname="kennelpal.PetControllerTests" name="testShow" time="0.058" />

      <testcase classname="kennelpal.PetControllerTests" name="testEdit" time="0.073" />

      <testcase classname="kennelpal.PetControllerTests" name="testUpdate" time="0.08" />

      <testcase classname="kennelpal.PetControllerTests" name="testDelete" time="0.055" />

      <system-out><![CDATA[--Output from testIndex--
--Output from testList--
--Output from testCreate--
--Output from testSave--
--Output from testShow--
--Output from testEdit--
--Output from testUpdate--
--Output from testDelete--
]]></system-out>

      <system-err><![CDATA[--Output from testIndex--
--Output from testList--
--Output from testCreate--
--Output from testSave--
--Output from testShow--
--Output from testEdit--
--Output from testUpdate--
--Output from testDelete--
]]></system-err>

  </testsuite>
  <testsuite errors="0" failures="0" hostname="bmanning10m2.local" id="7" name="PetTests" package="kennelpal" tests="1" time="0.216" timestamp="2013-04-23T17:52:58">
      <properties />

      <testcase classname="kennelpal.PetTests" name="testToString" time="0.113" />

      <system-out><![CDATA[--Output from testToString--
]]></system-out>

      <system-err><![CDATA[--Output from testToString--
]]></system-err>

  </testsuite>
  <testsuite errors="0" failures="0" hostname="bmanning10m2.local" id="8" name="RateControllerTests" package="kennelpal" tests="8" time="0.832" timestamp="2013-04-23T17:52:59">
      <properties />

      <testcase classname="kennelpal.RateControllerTests" name="testIndex" time="0.336" />

      <testcase classname="kennelpal.RateControllerTests" name="testList" time="0.049" />

      <testcase classname="kennelpal.RateControllerTests" name="testCreate" time="0.075" />

      <testcase classname="kennelpal.RateControllerTests" name="testSave" time="0.08" />

      <testcase classname="kennelpal.RateControllerTests" name="testShow" time="0.051" />

      <testcase classname="kennelpal.RateControllerTests" name="testEdit" time="0.043" />

      <testcase classname="kennelpal.RateControllerTests" name="testUpdate" time="0.052" />

      <testcase classname="kennelpal.RateControllerTests" name="testDelete" time="0.056" />

      <system-out><![CDATA[--Output from testIndex--
--Output from testList--
--Output from testCreate--
--Output from testSave--
--Output from testShow--
--Output from testEdit--
--Output from testUpdate--
--Output from testDelete--
]]></system-out>

      <system-err><![CDATA[--Output from testIndex--
--Output from testList--
--Output from testCreate--
--Output from testSave--
--Output from testShow--
--Output from testEdit--
--Output from testUpdate--
--Output from testDelete--
]]></system-err>

  </testsuite>
  <testsuite errors="0" failures="0" hostname="bmanning10m2.local" id="9" name="RateTests" package="kennelpal" tests="1" time="0.222" timestamp="2013-04-23T17:52:59">
      <properties />

      <testcase classname="kennelpal.RateTests" name="testToString" time="0.107" />

      <system-out><![CDATA[--Output from testToString--
]]></system-out>

      <system-err><![CDATA[--Output from testToString--
]]></system-err>

  </testsuite>
  <testsuite errors="0" failures="0" hostname="bmanning10m2.local" id="10" name="ReservationControllerTests" package="kennelpal" tests="8" time="0.824" timestamp="2013-04-23T17:53:00">
      <properties />

      <testcase classname="kennelpal.ReservationControllerTests" name="testIndex" time="0.349" />

      <testcase classname="kennelpal.ReservationControllerTests" name="testList" time="0.056" />

      <testcase classname="kennelpal.ReservationControllerTests" name="testCreate" time="0.053" />

      <testcase classname="kennelpal.ReservationControllerTests" name="testSave" time="0.07" />

      <testcase classname="kennelpal.ReservationControllerTests" name="testShow" time="0.051" />

      <testcase classname="kennelpal.ReservationControllerTests" name="testEdit" time="0.049" />

      <testcase classname="kennelpal.ReservationControllerTests" name="testUpdate" time="0.069" />

      <testcase classname="kennelpal.ReservationControllerTests" name="testDelete" time="0.053" />

      <system-out><![CDATA[--Output from testIndex--
--Output from testList--
--Output from testCreate--
--Output from testSave--
--Output from testShow--
--Output from testEdit--
--Output from testUpdate--
--Output from testDelete--
]]></system-out>

      <system-err><![CDATA[--Output from testIndex--
--Output from testList--
--Output from testCreate--
--Output from testSave--
--Output from testShow--
--Output from testEdit--
--Output from testUpdate--
--Output from testDelete--
]]></system-err>

  </testsuite>
  <testsuite errors="0" failures="0" hostname="bmanning10m2.local" id="11" name="ReservationTests" package="kennelpal" tests="1" time="0.232" timestamp="2013-04-23T17:53:01">
      <properties />

      <testcase classname="kennelpal.ReservationTests" name="testToString" time="0.127" />

      <system-out><![CDATA[--Output from testToString--
]]></system-out>

      <system-err><![CDATA[--Output from testToString--
]]></system-err>

  </testsuite>
  <testsuite errors="0" failures="0" hostname="bmanning10m2.local" id="12" name="UserControllerTests" package="kennelpal" tests="8" time="0.754" timestamp="2013-04-23T17:53:01">
      <properties />

      <testcase classname="kennelpal.UserControllerTests" name="testIndex" time="0.28" />

      <testcase classname="kennelpal.UserControllerTests" name="testList" time="0.04" />

      <testcase classname="kennelpal.UserControllerTests" name="testCreate" time="0.044" />

      <testcase classname="kennelpal.UserControllerTests" name="testSave" time="0.069" />

      <testcase classname="kennelpal.UserControllerTests" name="testShow" time="0.063" />

      <testcase classname="kennelpal.UserControllerTests" name="testEdit" time="0.079" />

      <testcase classname="kennelpal.UserControllerTests" name="testUpdate" time="0.056" />

      <testcase classname="kennelpal.UserControllerTests" name="testDelete" time="0.047" />

      <system-out><![CDATA[--Output from testIndex--
--Output from testList--
--Output from testCreate--
--Output from testSave--
--Output from testShow--
--Output from testEdit--
--Output from testUpdate--
--Output from testDelete--
]]></system-out>

      <system-err><![CDATA[--Output from testIndex--
--Output from testList--
--Output from testCreate--
--Output from testSave--
--Output from testShow--
--Output from testEdit--
--Output from testUpdate--
--Output from testDelete--
]]></system-err>

  </testsuite>
  <testsuite errors="0" failures="0" hostname="bmanning10m2.local" id="13" name="UserTests" package="kennelpal" tests="1" time="0.108" timestamp="2013-04-23T17:53:02">
      <properties />

      <testcase classname="kennelpal.UserTests" name="testToString" time="0.05" />

      <system-out><![CDATA[--Output from testToString--
]]></system-out>

      <system-err><![CDATA[--Output from testToString--
]]></system-err>

  </testsuite>
  <testsuite errors="0" failures="0" hostname="bmanning10m2.local" id="14" name="VaccinationTests" package="kennelpal" tests="1" time="0.224" timestamp="2013-04-23T17:53:02">
      <properties />

      <testcase classname="kennelpal.VaccinationTests" name="testSomething" time="0.16" />

      <system-out><![CDATA[--Output from testSomething--
]]></system-out>

      <system-err><![CDATA[--Output from testSomething--
]]></system-err>

  </testsuite>
  <testsuite errors="0" failures="0" hostname="bmanning10m2.local" id="15" name="VaccinationTypesTests" package="kennelpal" tests="1" time="0.151" timestamp="2013-04-23T17:53:02">
      <properties />

      <testcase classname="kennelpal.VaccinationTypesTests" name="testSomething" time="0.149" />

      <system-out><![CDATA[--Output from testSomething--
]]></system-out>

      <system-err><![CDATA[--Output from testSomething--
]]></system-err>

  </testsuite>
</testsuites>
