<?xml version="1.0" encoding="UTF-8" ?>
<testsuites>
  <testsuite errors="0" failures="0" hostname="bmanning10m2.local" id="0" name="ContactControllerTests" package="kennelpal" tests="8" time="3.703" timestamp="2013-04-23T16:38:06">
      <properties />

      <testcase classname="kennelpal.ContactControllerTests" name="testIndex" time="2.172" />

      <testcase classname="kennelpal.ContactControllerTests" name="testList" time="0.545" />

      <testcase classname="kennelpal.ContactControllerTests" name="testCreate" time="0.114" />

      <testcase classname="kennelpal.ContactControllerTests" name="testSave" time="0.325" />

      <testcase classname="kennelpal.ContactControllerTests" name="testShow" time="0.094" />

      <testcase classname="kennelpal.ContactControllerTests" name="testEdit" time="0.078" />

      <testcase classname="kennelpal.ContactControllerTests" name="testUpdate" time="0.112" />

      <testcase classname="kennelpal.ContactControllerTests" name="testDelete" time="0.087" />

      <system-out><![CDATA[--Output from testIndex--
--Output from testList--
--Output from testCreate--
--Output from testSave--
--Output from testShow--
--Output from testEdit--
--Output from testUpdate--
--Output from testDelete--
]]></system-out>

      <system-err><![CDATA[--Output from testIndex--
--Output from testList--
--Output from testCreate--
--Output from testSave--
--Output from testShow--
--Output from testEdit--
--Output from testUpdate--
--Output from testDelete--
]]></system-err>

  </testsuite>
  <testsuite errors="0" failures="0" hostname="bmanning10m2.local" id="1" name="ContactTests" package="kennelpal" tests="1" time="0.357" timestamp="2013-04-23T16:38:09">
      <properties />

      <testcase classname="kennelpal.ContactTests" name="testToString" time="0.191" />

      <system-out><![CDATA[--Output from testToString--
]]></system-out>

      <system-err><![CDATA[--Output from testToString--
]]></system-err>

  </testsuite>
  <testsuite errors="0" failures="0" hostname="bmanning10m2.local" id="2" name="OwnerControllerTests" package="kennelpal" tests="8" time="1.799" timestamp="2013-04-23T16:38:10">
      <properties />

      <testcase classname="kennelpal.OwnerControllerTests" name="testIndex" time="0.908" />

      <testcase classname="kennelpal.OwnerControllerTests" name="testList" time="0.091" />

      <testcase classname="kennelpal.OwnerControllerTests" name="testCreate" time="0.089" />

      <testcase classname="kennelpal.OwnerControllerTests" name="testSave" time="0.273" />

      <testcase classname="kennelpal.OwnerControllerTests" name="testShow" time="0.092" />

      <testcase classname="kennelpal.OwnerControllerTests" name="testEdit" time="0.075" />

      <testcase classname="kennelpal.OwnerControllerTests" name="testUpdate" time="0.102" />

      <testcase classname="kennelpal.OwnerControllerTests" name="testDelete" time="0.08" />

      <system-out><![CDATA[--Output from testIndex--
--Output from testList--
--Output from testCreate--
--Output from testSave--
--Output from testShow--
--Output from testEdit--
--Output from testUpdate--
--Output from testDelete--
]]></system-out>

      <system-err><![CDATA[--Output from testIndex--
--Output from testList--
--Output from testCreate--
--Output from testSave--
--Output from testShow--
--Output from testEdit--
--Output from testUpdate--
--Output from testDelete--
]]></system-err>

  </testsuite>
  <testsuite errors="0" failures="1" hostname="bmanning10m2.local" id="3" name="OwnerTests" package="kennelpal" tests="1" time="0.256" timestamp="2013-04-23T16:38:11">
      <properties />

      <testcase classname="kennelpal.OwnerTests" name="testSomething" time="0.149">
          <failure message="junit.framework.AssertionFailedError: Implement me" type="junit.framework.AssertionFailedError">junit.framework.AssertionFailedError: junit.framework.AssertionFailedError: Implement me
	at kennelpal.OwnerTests.testSomething(OwnerTests.groovy:15)
</failure>

      </testcase>

      <system-out><![CDATA[--Output from testSomething--
]]></system-out>

      <system-err><![CDATA[--Output from testSomething--
]]></system-err>

  </testsuite>
  <testsuite errors="0" failures="0" hostname="bmanning10m2.local" id="4" name="PaymentControllerTests" package="kennelpal" tests="8" time="0.935" timestamp="2013-04-23T16:38:12">
      <properties />

      <testcase classname="kennelpal.PaymentControllerTests" name="testIndex" time="0.337" />

      <testcase classname="kennelpal.PaymentControllerTests" name="testList" time="0.047" />

      <testcase classname="kennelpal.PaymentControllerTests" name="testCreate" time="0.056" />

      <testcase classname="kennelpal.PaymentControllerTests" name="testSave" time="0.099" />

      <testcase classname="kennelpal.PaymentControllerTests" name="testShow" time="0.079" />

      <testcase classname="kennelpal.PaymentControllerTests" name="testEdit" time="0.066" />

      <testcase classname="kennelpal.PaymentControllerTests" name="testUpdate" time="0.082" />

      <testcase classname="kennelpal.PaymentControllerTests" name="testDelete" time="0.079" />

      <system-out><![CDATA[--Output from testIndex--
--Output from testList--
--Output from testCreate--
--Output from testSave--
--Output from testShow--
--Output from testEdit--
--Output from testUpdate--
--Output from testDelete--
]]></system-out>

      <system-err><![CDATA[--Output from testIndex--
--Output from testList--
--Output from testCreate--
--Output from testSave--
--Output from testShow--
--Output from testEdit--
--Output from testUpdate--
--Output from testDelete--
]]></system-err>

  </testsuite>
  <testsuite errors="0" failures="1" hostname="bmanning10m2.local" id="5" name="PaymentTests" package="kennelpal" tests="1" time="0.271" timestamp="2013-04-23T16:38:13">
      <properties />

      <testcase classname="kennelpal.PaymentTests" name="testSomething" time="0.142">
          <failure message="junit.framework.AssertionFailedError: Implement me" type="junit.framework.AssertionFailedError">junit.framework.AssertionFailedError: junit.framework.AssertionFailedError: Implement me
	at kennelpal.PaymentTests.testSomething(PaymentTests.groovy:15)
</failure>

      </testcase>

      <system-out><![CDATA[--Output from testSomething--
]]></system-out>

      <system-err><![CDATA[--Output from testSomething--
]]></system-err>

  </testsuite>
  <testsuite errors="0" failures="0" hostname="bmanning10m2.local" id="6" name="PetControllerTests" package="kennelpal" tests="8" time="0.866" timestamp="2013-04-23T16:38:13">
      <properties />

      <testcase classname="kennelpal.PetControllerTests" name="testIndex" time="0.3" />

      <testcase classname="kennelpal.PetControllerTests" name="testList" time="0.054" />

      <testcase classname="kennelpal.PetControllerTests" name="testCreate" time="0.043" />

      <testcase classname="kennelpal.PetControllerTests" name="testSave" time="0.12" />

      <testcase classname="kennelpal.PetControllerTests" name="testShow" time="0.056" />

      <testcase classname="kennelpal.PetControllerTests" name="testEdit" time="0.055" />

      <testcase classname="kennelpal.PetControllerTests" name="testUpdate" time="0.093" />

      <testcase classname="kennelpal.PetControllerTests" name="testDelete" time="0.057" />

      <system-out><![CDATA[--Output from testIndex--
--Output from testList--
--Output from testCreate--
--Output from testSave--
--Output from testShow--
--Output from testEdit--
--Output from testUpdate--
--Output from testDelete--
]]></system-out>

      <system-err><![CDATA[--Output from testIndex--
--Output from testList--
--Output from testCreate--
--Output from testSave--
--Output from testShow--
--Output from testEdit--
--Output from testUpdate--
--Output from testDelete--
]]></system-err>

  </testsuite>
  <testsuite errors="0" failures="1" hostname="bmanning10m2.local" id="7" name="PetTests" package="kennelpal" tests="1" time="0.243" timestamp="2013-04-23T16:38:14">
      <properties />

      <testcase classname="kennelpal.PetTests" name="testSomething" time="0.119">
          <failure message="junit.framework.AssertionFailedError: Implement me" type="junit.framework.AssertionFailedError">junit.framework.AssertionFailedError: junit.framework.AssertionFailedError: Implement me
	at kennelpal.PetTests.testSomething(PetTests.groovy:15)
</failure>

      </testcase>

      <system-out><![CDATA[--Output from testSomething--
]]></system-out>

      <system-err><![CDATA[--Output from testSomething--
]]></system-err>

  </testsuite>
  <testsuite errors="0" failures="0" hostname="bmanning10m2.local" id="8" name="RateControllerTests" package="kennelpal" tests="8" time="0.74" timestamp="2013-04-23T16:38:14">
      <properties />

      <testcase classname="kennelpal.RateControllerTests" name="testIndex" time="0.31" />

      <testcase classname="kennelpal.RateControllerTests" name="testList" time="0.041" />

      <testcase classname="kennelpal.RateControllerTests" name="testCreate" time="0.04" />

      <testcase classname="kennelpal.RateControllerTests" name="testSave" time="0.059" />

      <testcase classname="kennelpal.RateControllerTests" name="testShow" time="0.044" />

      <testcase classname="kennelpal.RateControllerTests" name="testEdit" time="0.055" />

      <testcase classname="kennelpal.RateControllerTests" name="testUpdate" time="0.054" />

      <testcase classname="kennelpal.RateControllerTests" name="testDelete" time="0.055" />

      <system-out><![CDATA[--Output from testIndex--
--Output from testList--
--Output from testCreate--
--Output from testSave--
--Output from testShow--
--Output from testEdit--
--Output from testUpdate--
--Output from testDelete--
]]></system-out>

      <system-err><![CDATA[--Output from testIndex--
--Output from testList--
--Output from testCreate--
--Output from testSave--
--Output from testShow--
--Output from testEdit--
--Output from testUpdate--
--Output from testDelete--
]]></system-err>

  </testsuite>
  <testsuite errors="0" failures="1" hostname="bmanning10m2.local" id="9" name="RateTests" package="kennelpal" tests="1" time="0.245" timestamp="2013-04-23T16:38:15">
      <properties />

      <testcase classname="kennelpal.RateTests" name="testSomething" time="0.112">
          <failure message="junit.framework.AssertionFailedError: Implement me" type="junit.framework.AssertionFailedError">junit.framework.AssertionFailedError: junit.framework.AssertionFailedError: Implement me
	at kennelpal.RateTests.testSomething(RateTests.groovy:15)
</failure>

      </testcase>

      <system-out><![CDATA[--Output from testSomething--
]]></system-out>

      <system-err><![CDATA[--Output from testSomething--
]]></system-err>

  </testsuite>
  <testsuite errors="0" failures="0" hostname="bmanning10m2.local" id="10" name="ReservationControllerTests" package="kennelpal" tests="8" time="0.829" timestamp="2013-04-23T16:38:15">
      <properties />

      <testcase classname="kennelpal.ReservationControllerTests" name="testIndex" time="0.345" />

      <testcase classname="kennelpal.ReservationControllerTests" name="testList" time="0.048" />

      <testcase classname="kennelpal.ReservationControllerTests" name="testCreate" time="0.042" />

      <testcase classname="kennelpal.ReservationControllerTests" name="testSave" time="0.067" />

      <testcase classname="kennelpal.ReservationControllerTests" name="testShow" time="0.068" />

      <testcase classname="kennelpal.ReservationControllerTests" name="testEdit" time="0.054" />

      <testcase classname="kennelpal.ReservationControllerTests" name="testUpdate" time="0.073" />

      <testcase classname="kennelpal.ReservationControllerTests" name="testDelete" time="0.056" />

      <system-out><![CDATA[--Output from testIndex--
--Output from testList--
--Output from testCreate--
--Output from testSave--
--Output from testShow--
--Output from testEdit--
--Output from testUpdate--
--Output from testDelete--
]]></system-out>

      <system-err><![CDATA[--Output from testIndex--
--Output from testList--
--Output from testCreate--
--Output from testSave--
--Output from testShow--
--Output from testEdit--
--Output from testUpdate--
--Output from testDelete--
]]></system-err>

  </testsuite>
  <testsuite errors="0" failures="1" hostname="bmanning10m2.local" id="11" name="ReservationTests" package="kennelpal" tests="1" time="0.228" timestamp="2013-04-23T16:38:16">
      <properties />

      <testcase classname="kennelpal.ReservationTests" name="testSomething" time="0.118">
          <failure message="junit.framework.AssertionFailedError: Implement me" type="junit.framework.AssertionFailedError">junit.framework.AssertionFailedError: junit.framework.AssertionFailedError: Implement me
	at kennelpal.ReservationTests.testSomething(ReservationTests.groovy:15)
</failure>

      </testcase>

      <system-out><![CDATA[--Output from testSomething--
]]></system-out>

      <system-err><![CDATA[--Output from testSomething--
]]></system-err>

  </testsuite>
  <testsuite errors="0" failures="0" hostname="bmanning10m2.local" id="12" name="UserControllerTests" package="kennelpal" tests="8" time="0.756" timestamp="2013-04-23T16:38:16">
      <properties />

      <testcase classname="kennelpal.UserControllerTests" name="testIndex" time="0.263" />

      <testcase classname="kennelpal.UserControllerTests" name="testList" time="0.051" />

      <testcase classname="kennelpal.UserControllerTests" name="testCreate" time="0.055" />

      <testcase classname="kennelpal.UserControllerTests" name="testSave" time="0.081" />

      <testcase classname="kennelpal.UserControllerTests" name="testShow" time="0.067" />

      <testcase classname="kennelpal.UserControllerTests" name="testEdit" time="0.056" />

      <testcase classname="kennelpal.UserControllerTests" name="testUpdate" time="0.058" />

      <testcase classname="kennelpal.UserControllerTests" name="testDelete" time="0.049" />

      <system-out><![CDATA[--Output from testIndex--
--Output from testList--
--Output from testCreate--
--Output from testSave--
--Output from testShow--
--Output from testEdit--
--Output from testUpdate--
--Output from testDelete--
]]></system-out>

      <system-err><![CDATA[--Output from testIndex--
--Output from testList--
--Output from testCreate--
--Output from testSave--
--Output from testShow--
--Output from testEdit--
--Output from testUpdate--
--Output from testDelete--
]]></system-err>

  </testsuite>
  <testsuite errors="0" failures="1" hostname="bmanning10m2.local" id="13" name="UserTests" package="kennelpal" tests="1" time="0.14" timestamp="2013-04-23T16:38:17">
      <properties />

      <testcase classname="kennelpal.UserTests" name="testSomething" time="0.052">
          <failure message="junit.framework.AssertionFailedError: Implement me" type="junit.framework.AssertionFailedError">junit.framework.AssertionFailedError: junit.framework.AssertionFailedError: Implement me
	at kennelpal.UserTests.testSomething(UserTests.groovy:15)
</failure>

      </testcase>

      <system-out><![CDATA[--Output from testSomething--
]]></system-out>

      <system-err><![CDATA[--Output from testSomething--
]]></system-err>

  </testsuite>
  <testsuite errors="0" failures="1" hostname="bmanning10m2.local" id="14" name="VaccinationTests" package="kennelpal" tests="1" time="0.263" timestamp="2013-04-23T16:38:17">
      <properties />

      <testcase classname="kennelpal.VaccinationTests" name="testSomething" time="0.189">
          <failure message="junit.framework.AssertionFailedError: Implement me" type="junit.framework.AssertionFailedError">junit.framework.AssertionFailedError: junit.framework.AssertionFailedError: Implement me
	at kennelpal.VaccinationTests.testSomething(VaccinationTests.groovy:15)
</failure>

      </testcase>

      <system-out><![CDATA[--Output from testSomething--
]]></system-out>

      <system-err><![CDATA[--Output from testSomething--
]]></system-err>

  </testsuite>
  <testsuite errors="0" failures="1" hostname="bmanning10m2.local" id="15" name="VaccinationTypesTests" package="kennelpal" tests="1" time="0.156" timestamp="2013-04-23T16:38:17">
      <properties />

      <testcase classname="kennelpal.VaccinationTypesTests" name="testSomething" time="0.155">
          <failure message="junit.framework.AssertionFailedError: Implement me" type="junit.framework.AssertionFailedError">junit.framework.AssertionFailedError: junit.framework.AssertionFailedError: Implement me
	at kennelpal.VaccinationTypesTests.testSomething(VaccinationTypesTests.groovy:15)
</failure>

      </testcase>

      <system-out><![CDATA[--Output from testSomething--
]]></system-out>

      <system-err><![CDATA[--Output from testSomething--
]]></system-err>

  </testsuite>
</testsuites>
